[2019-03-28T11:20:38.821] [INFO] default - test info 1
[2019-03-28T11:21:26.201] [INFO] default - test info 1
[2019-03-28T11:22:49.712] [INFO] default - test info 222222222
[2019-03-28T11:22:49.798] [INFO] default - [::1 GET /tasks 200 97ms][ HTTP/1.1 Mozilla/5.0 (Windows NT 6.1; Win64; x64) AppleWebKit/537.36 (KHTML, like Gecko) Chrome/68.0.3440.106 Safari/537.36]
[2019-03-28T11:22:50.002] [INFO] default - [::1 GET /favicon.ico 404 3ms][http://localhost:3000/tasks HTTP/1.1 Mozilla/5.0 (Windows NT 6.1; Win64; x64) AppleWebKit/537.36 (KHTML, like Gecko) Chrome/68.0.3440.106 Safari/537.36]
[2019-03-28T11:23:10.184] [INFO] default - [::1 GET /time.gif 200 2ms][ HTTP/1.1 Mozilla/5.0 (Windows NT 6.1; Win64; x64) AppleWebKit/537.36 (KHTML, like Gecko) Chrome/68.0.3440.106 Safari/537.36]
[2019-03-28T11:23:37.960] [INFO] default - test info 1
[2019-03-28T11:23:41.829] [INFO] default - [::1 GET /time.gif 304 9ms][ HTTP/1.1 Mozilla/5.0 (Windows NT 6.1; Win64; x64) AppleWebKit/537.36 (KHTML, like Gecko) Chrome/68.0.3440.106 Safari/537.36]
[2019-03-28T11:23:43.338] [INFO] default - [::1 GET /time.gif 304 1ms][ HTTP/1.1 Mozilla/5.0 (Windows NT 6.1; Win64; x64) AppleWebKit/537.36 (KHTML, like Gecko) Chrome/68.0.3440.106 Safari/537.36]
[2019-03-28T11:23:49.443] [INFO] default - [::1 GET /static/time.gif 404 0ms][ HTTP/1.1 Mozilla/5.0 (Windows NT 6.1; Win64; x64) AppleWebKit/537.36 (KHTML, like Gecko) Chrome/68.0.3440.106 Safari/537.36]
[2019-03-28T11:23:56.697] [INFO] default - test info 1
[2019-03-28T11:23:57.731] [INFO] default - [::1 GET /static/time.gif 404 8ms][ HTTP/1.1 Mozilla/5.0 (Windows NT 6.1; Win64; x64) AppleWebKit/537.36 (KHTML, like Gecko) Chrome/68.0.3440.106 Safari/537.36]
[2019-03-28T11:23:58.426] [INFO] default - [::1 GET /static/time.gif 404 1ms][ HTTP/1.1 Mozilla/5.0 (Windows NT 6.1; Win64; x64) AppleWebKit/537.36 (KHTML, like Gecko) Chrome/68.0.3440.106 Safari/537.36]
[2019-03-28T11:23:58.658] [INFO] default - [::1 GET /static/time.gif 404 0ms][ HTTP/1.1 Mozilla/5.0 (Windows NT 6.1; Win64; x64) AppleWebKit/537.36 (KHTML, like Gecko) Chrome/68.0.3440.106 Safari/537.36]
[2019-03-28T11:24:15.693] [INFO] default - test info 1
[2019-03-28T11:24:26.691] [INFO] default - test info 1
[2019-03-28T11:24:29.699] [INFO] default - [::1 GET /static/time.gif 200 10ms][ HTTP/1.1 Mozilla/5.0 (Windows NT 6.1; Win64; x64) AppleWebKit/537.36 (KHTML, like Gecko) Chrome/68.0.3440.106 Safari/537.36]
[2019-03-28T11:24:50.477] [INFO] default - [::1 GET /static/time.gif 304 3ms][ HTTP/1.1 Mozilla/5.0 (iPad; CPU OS 11_0 like Mac OS X) AppleWebKit/604.1.34 (KHTML, like Gecko) Version/11.0 Mobile/15A5341f Safari/604.1]
[2019-03-28T11:24:59.292] [INFO] default - [::1 GET /static/time.gif 304 0ms][ HTTP/1.1 Mozilla/5.0 (iPad; CPU OS 11_0 like Mac OS X) AppleWebKit/604.1.34 (KHTML, like Gecko) Version/11.0 Mobile/15A5341f Safari/604.1]
[2019-03-28T11:25:02.073] [INFO] default - [::1 GET /static/time.gif 304 1ms][ HTTP/1.1 Mozilla/5.0 (iPad; CPU OS 11_0 like Mac OS X) AppleWebKit/604.1.34 (KHTML, like Gecko) Version/11.0 Mobile/15A5341f Safari/604.1]
[2019-03-28T11:26:27.694] [INFO] default - [::1 GET /static/time.gif 304 1ms][ HTTP/1.1 Mozilla/5.0 (iPad; CPU OS 11_0 like Mac OS X) AppleWebKit/604.1.34 (KHTML, like Gecko) Version/11.0 Mobile/15A5341f Safari/604.1]
[2019-03-28T11:28:43.191] [INFO] default - test info 1
[2019-03-28T11:28:45.456] [INFO] default - [::1 GET /static/time.gif 304 10ms][ HTTP/1.1 Mozilla/5.0 (iPad; CPU OS 11_0 like Mac OS X) AppleWebKit/604.1.34 (KHTML, like Gecko) Version/11.0 Mobile/15A5341f Safari/604.1]
[2019-03-28T11:28:48.873] [INFO] default - [::1 GET /static/time.gif 200 4ms][ HTTP/1.1 Mozilla/5.0 (iPad; CPU OS 11_0 like Mac OS X) AppleWebKit/604.1.34 (KHTML, like Gecko) Version/11.0 Mobile/15A5341f Safari/604.1]
[2019-03-28T11:31:24.889] [INFO] default - [::1 GET /static/time.gif 304 2ms][ HTTP/1.1 Mozilla/5.0 (iPad; CPU OS 11_0 like Mac OS X) AppleWebKit/604.1.34 (KHTML, like Gecko) Version/11.0 Mobile/15A5341f Safari/604.1]
[2019-03-28T11:32:09.714] [INFO] default - [::1 GET /static/time.gif 304 1ms][ HTTP/1.1 Mozilla/5.0 (iPad; CPU OS 11_0 like Mac OS X) AppleWebKit/604.1.34 (KHTML, like Gecko) Version/11.0 Mobile/15A5341f Safari/604.1]
[2019-03-28T11:38:23.996] [INFO] default - test info 1
[2019-03-28T11:38:33.924] [INFO] default - [::1 GET /static/time.gif 304 12ms][ HTTP/1.1 Mozilla/5.0 (iPad; CPU OS 11_0 like Mac OS X) AppleWebKit/604.1.34 (KHTML, like Gecko) Version/11.0 Mobile/15A5341f Safari/604.1]
[2019-03-28T11:38:39.346] [INFO] default - [::1 GET /static/time.gif 200 7ms][ HTTP/1.1 Mozilla/5.0 (iPad; CPU OS 11_0 like Mac OS X) AppleWebKit/604.1.34 (KHTML, like Gecko) Version/11.0 Mobile/15A5341f Safari/604.1]
[2019-03-28T11:38:52.367] [INFO] default - [::1 GET /static/time.gif 304 1ms][ HTTP/1.1 Mozilla/5.0 (iPad; CPU OS 11_0 like Mac OS X) AppleWebKit/604.1.34 (KHTML, like Gecko) Version/11.0 Mobile/15A5341f Safari/604.1]
[2019-03-28T11:39:54.902] [INFO] default - [::1 GET /static/time.gif 304 1ms][ HTTP/1.1 Mozilla/5.0 (iPad; CPU OS 11_0 like Mac OS X) AppleWebKit/604.1.34 (KHTML, like Gecko) Version/11.0 Mobile/15A5341f Safari/604.1]
[2019-03-28T11:39:57.811] [INFO] default - [::1 GET /static/time.gif 304 4ms][ HTTP/1.1 Mozilla/5.0 (iPad; CPU OS 11_0 like Mac OS X) AppleWebKit/604.1.34 (KHTML, like Gecko) Version/11.0 Mobile/15A5341f Safari/604.1]
[2019-03-28T11:39:58.576] [INFO] default - [::1 GET /static/time.gif 304 1ms][ HTTP/1.1 Mozilla/5.0 (iPad; CPU OS 11_0 like Mac OS X) AppleWebKit/604.1.34 (KHTML, like Gecko) Version/11.0 Mobile/15A5341f Safari/604.1]
[2019-03-28T11:42:06.295] [INFO] default - test info 1
[2019-03-28T11:42:11.101] [INFO] default - [::1 GET /static/time.gif 200 10ms][ HTTP/1.1 Mozilla/5.0 (iPad; CPU OS 11_0 like Mac OS X) AppleWebKit/604.1.34 (KHTML, like Gecko) Version/11.0 Mobile/15A5341f Safari/604.1]
[2019-03-28T11:42:14.661] [INFO] default - [::1 GET /static/time.gif 200 2ms][ HTTP/1.1 Mozilla/5.0 (iPad; CPU OS 11_0 like Mac OS X) AppleWebKit/604.1.34 (KHTML, like Gecko) Version/11.0 Mobile/15A5341f Safari/604.1]
[2019-03-28T11:42:44.042] [INFO] default - [::1 GET /static/time.gif 304 3ms][ HTTP/1.1 Mozilla/5.0 (iPad; CPU OS 11_0 like Mac OS X) AppleWebKit/604.1.34 (KHTML, like Gecko) Version/11.0 Mobile/15A5341f Safari/604.1]
[2019-03-28T11:44:04.423] [INFO] default - [::1 GET /static/time.gif 304 1ms][ HTTP/1.1 Mozilla/5.0 (iPad; CPU OS 11_0 like Mac OS X) AppleWebKit/604.1.34 (KHTML, like Gecko) Version/11.0 Mobile/15A5341f Safari/604.1]
[2019-03-28T11:44:07.086] [INFO] default - [::1 GET /static/time.gif 304 1ms][ HTTP/1.1 Mozilla/5.0 (iPad; CPU OS 11_0 like Mac OS X) AppleWebKit/604.1.34 (KHTML, like Gecko) Version/11.0 Mobile/15A5341f Safari/604.1]
[2019-03-28T11:44:07.765] [INFO] default - [::1 GET /static/time.gif 304 0ms][ HTTP/1.1 Mozilla/5.0 (iPad; CPU OS 11_0 like Mac OS X) AppleWebKit/604.1.34 (KHTML, like Gecko) Version/11.0 Mobile/15A5341f Safari/604.1]
[2019-03-28T11:44:08.030] [INFO] default - [::1 GET /static/time.gif 304 1ms][ HTTP/1.1 Mozilla/5.0 (iPad; CPU OS 11_0 like Mac OS X) AppleWebKit/604.1.34 (KHTML, like Gecko) Version/11.0 Mobile/15A5341f Safari/604.1]
[2019-03-28T11:44:08.258] [INFO] default - [::1 GET /static/time.gif 304 6ms][ HTTP/1.1 Mozilla/5.0 (iPad; CPU OS 11_0 like Mac OS X) AppleWebKit/604.1.34 (KHTML, like Gecko) Version/11.0 Mobile/15A5341f Safari/604.1]
[2019-03-28T11:44:08.462] [INFO] default - [::1 GET /static/time.gif 304 0ms][ HTTP/1.1 Mozilla/5.0 (iPad; CPU OS 11_0 like Mac OS X) AppleWebKit/604.1.34 (KHTML, like Gecko) Version/11.0 Mobile/15A5341f Safari/604.1]
[2019-03-28T11:44:08.662] [INFO] default - [::1 GET /static/time.gif 304 0ms][ HTTP/1.1 Mozilla/5.0 (iPad; CPU OS 11_0 like Mac OS X) AppleWebKit/604.1.34 (KHTML, like Gecko) Version/11.0 Mobile/15A5341f Safari/604.1]
[2019-03-28T11:44:08.863] [INFO] default - [::1 GET /static/time.gif 304 1ms][ HTTP/1.1 Mozilla/5.0 (iPad; CPU OS 11_0 like Mac OS X) AppleWebKit/604.1.34 (KHTML, like Gecko) Version/11.0 Mobile/15A5341f Safari/604.1]
[2019-03-28T11:44:09.063] [INFO] default - [::1 GET /static/time.gif 304 1ms][ HTTP/1.1 Mozilla/5.0 (iPad; CPU OS 11_0 like Mac OS X) AppleWebKit/604.1.34 (KHTML, like Gecko) Version/11.0 Mobile/15A5341f Safari/604.1]
[2019-03-28T11:44:09.253] [INFO] default - [::1 GET /static/time.gif 304 0ms][ HTTP/1.1 Mozilla/5.0 (iPad; CPU OS 11_0 like Mac OS X) AppleWebKit/604.1.34 (KHTML, like Gecko) Version/11.0 Mobile/15A5341f Safari/604.1]
[2019-03-28T11:44:09.454] [INFO] default - [::1 GET /static/time.gif 304 0ms][ HTTP/1.1 Mozilla/5.0 (iPad; CPU OS 11_0 like Mac OS X) AppleWebKit/604.1.34 (KHTML, like Gecko) Version/11.0 Mobile/15A5341f Safari/604.1]
[2019-03-28T11:44:09.655] [INFO] default - [::1 GET /static/time.gif 304 0ms][ HTTP/1.1 Mozilla/5.0 (iPad; CPU OS 11_0 like Mac OS X) AppleWebKit/604.1.34 (KHTML, like Gecko) Version/11.0 Mobile/15A5341f Safari/604.1]
[2019-03-28T11:44:09.809] [INFO] default - [::1 GET /static/time.gif 304 0ms][ HTTP/1.1 Mozilla/5.0 (iPad; CPU OS 11_0 like Mac OS X) AppleWebKit/604.1.34 (KHTML, like Gecko) Version/11.0 Mobile/15A5341f Safari/604.1]
[2019-03-28T11:44:10.031] [INFO] default - [::1 GET /static/time.gif 304 1ms][ HTTP/1.1 Mozilla/5.0 (iPad; CPU OS 11_0 like Mac OS X) AppleWebKit/604.1.34 (KHTML, like Gecko) Version/11.0 Mobile/15A5341f Safari/604.1]
[2019-03-28T11:44:10.217] [INFO] default - [::1 GET /static/time.gif 304 4ms][ HTTP/1.1 Mozilla/5.0 (iPad; CPU OS 11_0 like Mac OS X) AppleWebKit/604.1.34 (KHTML, like Gecko) Version/11.0 Mobile/15A5341f Safari/604.1]
[2019-03-28T11:44:10.416] [INFO] default - [::1 GET /static/time.gif 304 2ms][ HTTP/1.1 Mozilla/5.0 (iPad; CPU OS 11_0 like Mac OS X) AppleWebKit/604.1.34 (KHTML, like Gecko) Version/11.0 Mobile/15A5341f Safari/604.1]
[2019-03-28T11:44:10.623] [INFO] default - [::1 GET /static/time.gif 304 1ms][ HTTP/1.1 Mozilla/5.0 (iPad; CPU OS 11_0 like Mac OS X) AppleWebKit/604.1.34 (KHTML, like Gecko) Version/11.0 Mobile/15A5341f Safari/604.1]
[2019-03-28T11:44:10.840] [INFO] default - [::1 GET /static/time.gif 304 1ms][ HTTP/1.1 Mozilla/5.0 (iPad; CPU OS 11_0 like Mac OS X) AppleWebKit/604.1.34 (KHTML, like Gecko) Version/11.0 Mobile/15A5341f Safari/604.1]
[2019-03-28T11:44:11.088] [INFO] default - [::1 GET /static/time.gif 304 2ms][ HTTP/1.1 Mozilla/5.0 (iPad; CPU OS 11_0 like Mac OS X) AppleWebKit/604.1.34 (KHTML, like Gecko) Version/11.0 Mobile/15A5341f Safari/604.1]
[2019-03-28T11:44:11.298] [INFO] default - [::1 GET /static/time.gif 304 1ms][ HTTP/1.1 Mozilla/5.0 (iPad; CPU OS 11_0 like Mac OS X) AppleWebKit/604.1.34 (KHTML, like Gecko) Version/11.0 Mobile/15A5341f Safari/604.1]
[2019-03-28T11:44:11.502] [INFO] default - [::1 GET /static/time.gif 304 1ms][ HTTP/1.1 Mozilla/5.0 (iPad; CPU OS 11_0 like Mac OS X) AppleWebKit/604.1.34 (KHTML, like Gecko) Version/11.0 Mobile/15A5341f Safari/604.1]
[2019-03-28T11:44:11.711] [INFO] default - [::1 GET /static/time.gif 304 9ms][ HTTP/1.1 Mozilla/5.0 (iPad; CPU OS 11_0 like Mac OS X) AppleWebKit/604.1.34 (KHTML, like Gecko) Version/11.0 Mobile/15A5341f Safari/604.1]
[2019-03-28T11:44:11.901] [INFO] default - [::1 GET /static/time.gif 304 0ms][ HTTP/1.1 Mozilla/5.0 (iPad; CPU OS 11_0 like Mac OS X) AppleWebKit/604.1.34 (KHTML, like Gecko) Version/11.0 Mobile/15A5341f Safari/604.1]
[2019-03-28T11:44:12.130] [INFO] default - [::1 GET /static/time.gif 304 3ms][ HTTP/1.1 Mozilla/5.0 (iPad; CPU OS 11_0 like Mac OS X) AppleWebKit/604.1.34 (KHTML, like Gecko) Version/11.0 Mobile/15A5341f Safari/604.1]
[2019-03-28T11:44:12.346] [INFO] default - [::1 GET /static/time.gif 304 5ms][ HTTP/1.1 Mozilla/5.0 (iPad; CPU OS 11_0 like Mac OS X) AppleWebKit/604.1.34 (KHTML, like Gecko) Version/11.0 Mobile/15A5341f Safari/604.1]
[2019-03-28T11:44:28.495] [INFO] default - [::1 GET /static/time.gif 200 2ms][ HTTP/1.1 Mozilla/5.0 (iPad; CPU OS 11_0 like Mac OS X) AppleWebKit/604.1.34 (KHTML, like Gecko) Version/11.0 Mobile/15A5341f Safari/604.1]
[2019-03-28T11:44:31.891] [INFO] default - [::1 GET /static/time.gif 304 5ms][ HTTP/1.1 Mozilla/5.0 (iPad; CPU OS 11_0 like Mac OS X) AppleWebKit/604.1.34 (KHTML, like Gecko) Version/11.0 Mobile/15A5341f Safari/604.1]
[2019-03-28T11:45:03.117] [INFO] default - [::1 GET /static/time1.gif 404 5ms][ HTTP/1.1 Mozilla/5.0 (iPad; CPU OS 11_0 like Mac OS X) AppleWebKit/604.1.34 (KHTML, like Gecko) Version/11.0 Mobile/15A5341f Safari/604.1]
[2019-03-28T11:45:33.280] [INFO] default - [::1 GET /static/true.png 200 7ms][ HTTP/1.1 Mozilla/5.0 (iPad; CPU OS 11_0 like Mac OS X) AppleWebKit/604.1.34 (KHTML, like Gecko) Version/11.0 Mobile/15A5341f Safari/604.1]
[2019-03-28T11:45:44.963] [INFO] default - [::1 GET /static/true.png 304 1ms][ HTTP/1.1 Mozilla/5.0 (iPad; CPU OS 11_0 like Mac OS X) AppleWebKit/604.1.34 (KHTML, like Gecko) Version/11.0 Mobile/15A5341f Safari/604.1]
[2019-03-28T11:45:47.811] [INFO] default - [::1 GET /static/true.png 304 1ms][ HTTP/1.1 Mozilla/5.0 (iPad; CPU OS 11_0 like Mac OS X) AppleWebKit/604.1.34 (KHTML, like Gecko) Version/11.0 Mobile/15A5341f Safari/604.1]
[2019-03-28T11:46:07.390] [INFO] default - [::1 GET /static/true.png 200 2ms][ HTTP/1.1 Mozilla/5.0 (iPad; CPU OS 11_0 like Mac OS X) AppleWebKit/604.1.34 (KHTML, like Gecko) Version/11.0 Mobile/15A5341f Safari/604.1]
[2019-03-28T11:46:46.406] [INFO] default - [::1 GET /static/true.png 304 2ms][ HTTP/1.1 Mozilla/5.0 (iPad; CPU OS 11_0 like Mac OS X) AppleWebKit/604.1.34 (KHTML, like Gecko) Version/11.0 Mobile/15A5341f Safari/604.1]
[2019-03-28T11:46:58.172] [INFO] default - [::1 GET /static/true.png 304 3ms][ HTTP/1.1 Mozilla/5.0 (iPad; CPU OS 11_0 like Mac OS X) AppleWebKit/604.1.34 (KHTML, like Gecko) Version/11.0 Mobile/15A5341f Safari/604.1]
[2019-03-28T11:46:59.805] [INFO] default - [::1 GET /static/true.png 200 8ms][ HTTP/1.1 Mozilla/5.0 (iPad; CPU OS 11_0 like Mac OS X) AppleWebKit/604.1.34 (KHTML, like Gecko) Version/11.0 Mobile/15A5341f Safari/604.1]
[2019-03-28T11:47:06.038] [INFO] default - [::1 GET /static/true.png 304 1ms][ HTTP/1.1 Mozilla/5.0 (iPad; CPU OS 11_0 like Mac OS X) AppleWebKit/604.1.34 (KHTML, like Gecko) Version/11.0 Mobile/15A5341f Safari/604.1]
[2019-03-28T11:48:23.609] [INFO] default - test info 1
[2019-03-28T11:48:30.817] [INFO] default - [::1 GET /static/true.png 304 17ms][ HTTP/1.1 Mozilla/5.0 (iPad; CPU OS 11_0 like Mac OS X) AppleWebKit/604.1.34 (KHTML, like Gecko) Version/11.0 Mobile/15A5341f Safari/604.1]
[2019-03-28T11:48:34.277] [INFO] default - [::1 GET /static/true.png 200 11ms][ HTTP/1.1 Mozilla/5.0 (iPad; CPU OS 11_0 like Mac OS X) AppleWebKit/604.1.34 (KHTML, like Gecko) Version/11.0 Mobile/15A5341f Safari/604.1]
[2019-03-28T11:48:47.020] [INFO] default - [::1 GET /static/true.png 304 1ms][ HTTP/1.1 Mozilla/5.0 (iPad; CPU OS 11_0 like Mac OS X) AppleWebKit/604.1.34 (KHTML, like Gecko) Version/11.0 Mobile/15A5341f Safari/604.1]
[2019-03-28T11:48:54.761] [INFO] default - [::1 GET /static/true.png 304 1ms][ HTTP/1.1 Mozilla/5.0 (iPad; CPU OS 11_0 like Mac OS X) AppleWebKit/604.1.34 (KHTML, like Gecko) Version/11.0 Mobile/15A5341f Safari/604.1]
[2019-03-28T11:48:58.426] [INFO] default - [::1 GET /static/true.png 304 1ms][ HTTP/1.1 Mozilla/5.0 (iPad; CPU OS 11_0 like Mac OS X) AppleWebKit/604.1.34 (KHTML, like Gecko) Version/11.0 Mobile/15A5341f Safari/604.1]
[2019-03-28T11:52:31.533] [INFO] default - [::1 GET /static/true.png 304 5ms][ HTTP/1.1 Mozilla/5.0 (iPad; CPU OS 11_0 like Mac OS X) AppleWebKit/604.1.34 (KHTML, like Gecko) Version/11.0 Mobile/15A5341f Safari/604.1]
[2019-03-28T12:07:10.738] [INFO] default - [::1 GET /static/true.png 304 1ms][ HTTP/1.1 Mozilla/5.0 (iPad; CPU OS 11_0 like Mac OS X) AppleWebKit/604.1.34 (KHTML, like Gecko) Version/11.0 Mobile/15A5341f Safari/604.1]
[2019-03-28T12:07:13.113] [INFO] default - [::1 GET /static/true.png 304 5ms][ HTTP/1.1 Mozilla/5.0 (iPad; CPU OS 11_0 like Mac OS X) AppleWebKit/604.1.34 (KHTML, like Gecko) Version/11.0 Mobile/15A5341f Safari/604.1]
[2019-03-28T12:07:47.867] [INFO] default - test info 1
[2019-03-28T12:07:49.637] [INFO] default - test info 1
[2019-03-28T12:07:53.096] [INFO] default - [::1 GET /static/true.png 200 16ms][ HTTP/1.1 Mozilla/5.0 (iPad; CPU OS 11_0 like Mac OS X) AppleWebKit/604.1.34 (KHTML, like Gecko) Version/11.0 Mobile/15A5341f Safari/604.1]
[2019-03-28T12:07:57.089] [INFO] default - [::1 GET /static/true.png 304 2ms][ HTTP/1.1 Mozilla/5.0 (iPad; CPU OS 11_0 like Mac OS X) AppleWebKit/604.1.34 (KHTML, like Gecko) Version/11.0 Mobile/15A5341f Safari/604.1]
[2019-03-28T12:07:58.713] [INFO] default - [::1 GET /static/true.png 304 6ms][ HTTP/1.1 Mozilla/5.0 (iPad; CPU OS 11_0 like Mac OS X) AppleWebKit/604.1.34 (KHTML, like Gecko) Version/11.0 Mobile/15A5341f Safari/604.1]
[2019-03-28T12:07:59.275] [INFO] default - [::1 GET /static/true.png 304 1ms][ HTTP/1.1 Mozilla/5.0 (iPad; CPU OS 11_0 like Mac OS X) AppleWebKit/604.1.34 (KHTML, like Gecko) Version/11.0 Mobile/15A5341f Safari/604.1]
[2019-03-28T12:07:59.580] [INFO] default - [::1 GET /static/true.png 304 1ms][ HTTP/1.1 Mozilla/5.0 (iPad; CPU OS 11_0 like Mac OS X) AppleWebKit/604.1.34 (KHTML, like Gecko) Version/11.0 Mobile/15A5341f Safari/604.1]
[2019-03-28T12:07:59.820] [INFO] default - [::1 GET /static/true.png 304 1ms][ HTTP/1.1 Mozilla/5.0 (iPad; CPU OS 11_0 like Mac OS X) AppleWebKit/604.1.34 (KHTML, like Gecko) Version/11.0 Mobile/15A5341f Safari/604.1]
[2019-03-28T12:08:00.011] [INFO] default - [::1 GET /static/true.png 304 1ms][ HTTP/1.1 Mozilla/5.0 (iPad; CPU OS 11_0 like Mac OS X) AppleWebKit/604.1.34 (KHTML, like Gecko) Version/11.0 Mobile/15A5341f Safari/604.1]
[2019-03-28T12:08:00.218] [INFO] default - [::1 GET /static/true.png 304 0ms][ HTTP/1.1 Mozilla/5.0 (iPad; CPU OS 11_0 like Mac OS X) AppleWebKit/604.1.34 (KHTML, like Gecko) Version/11.0 Mobile/15A5341f Safari/604.1]
[2019-03-28T12:08:00.421] [INFO] default - [::1 GET /static/true.png 304 1ms][ HTTP/1.1 Mozilla/5.0 (iPad; CPU OS 11_0 like Mac OS X) AppleWebKit/604.1.34 (KHTML, like Gecko) Version/11.0 Mobile/15A5341f Safari/604.1]
[2019-03-28T12:08:00.824] [INFO] default - [::1 GET /static/true.png 304 4ms][ HTTP/1.1 Mozilla/5.0 (iPad; CPU OS 11_0 like Mac OS X) AppleWebKit/604.1.34 (KHTML, like Gecko) Version/11.0 Mobile/15A5341f Safari/604.1]
[2019-03-28T12:08:01.026] [INFO] default - [::1 GET /static/true.png 304 1ms][ HTTP/1.1 Mozilla/5.0 (iPad; CPU OS 11_0 like Mac OS X) AppleWebKit/604.1.34 (KHTML, like Gecko) Version/11.0 Mobile/15A5341f Safari/604.1]
[2019-03-28T12:08:01.218] [INFO] default - [::1 GET /static/true.png 304 1ms][ HTTP/1.1 Mozilla/5.0 (iPad; CPU OS 11_0 like Mac OS X) AppleWebKit/604.1.34 (KHTML, like Gecko) Version/11.0 Mobile/15A5341f Safari/604.1]
[2019-03-28T12:08:01.412] [INFO] default - [::1 GET /static/true.png 304 1ms][ HTTP/1.1 Mozilla/5.0 (iPad; CPU OS 11_0 like Mac OS X) AppleWebKit/604.1.34 (KHTML, like Gecko) Version/11.0 Mobile/15A5341f Safari/604.1]
[2019-03-28T12:08:01.610] [INFO] default - [::1 GET /static/true.png 304 0ms][ HTTP/1.1 Mozilla/5.0 (iPad; CPU OS 11_0 like Mac OS X) AppleWebKit/604.1.34 (KHTML, like Gecko) Version/11.0 Mobile/15A5341f Safari/604.1]
[2019-03-28T12:08:01.811] [INFO] default - [::1 GET /static/true.png 304 1ms][ HTTP/1.1 Mozilla/5.0 (iPad; CPU OS 11_0 like Mac OS X) AppleWebKit/604.1.34 (KHTML, like Gecko) Version/11.0 Mobile/15A5341f Safari/604.1]
[2019-03-28T12:08:02.002] [INFO] default - [::1 GET /static/true.png 304 1ms][ HTTP/1.1 Mozilla/5.0 (iPad; CPU OS 11_0 like Mac OS X) AppleWebKit/604.1.34 (KHTML, like Gecko) Version/11.0 Mobile/15A5341f Safari/604.1]
[2019-03-28T12:08:02.217] [INFO] default - [::1 GET /static/true.png 304 0ms][ HTTP/1.1 Mozilla/5.0 (iPad; CPU OS 11_0 like Mac OS X) AppleWebKit/604.1.34 (KHTML, like Gecko) Version/11.0 Mobile/15A5341f Safari/604.1]
[2019-03-28T12:08:02.474] [INFO] default - [::1 GET /static/true.png 304 1ms][ HTTP/1.1 Mozilla/5.0 (iPad; CPU OS 11_0 like Mac OS X) AppleWebKit/604.1.34 (KHTML, like Gecko) Version/11.0 Mobile/15A5341f Safari/604.1]
[2019-03-28T12:08:02.746] [INFO] default - [::1 GET /static/true.png 304 0ms][ HTTP/1.1 Mozilla/5.0 (iPad; CPU OS 11_0 like Mac OS X) AppleWebKit/604.1.34 (KHTML, like Gecko) Version/11.0 Mobile/15A5341f Safari/604.1]
[2019-03-28T12:08:03.228] [INFO] default - [::1 GET /static/true.png 304 1ms][ HTTP/1.1 Mozilla/5.0 (iPad; CPU OS 11_0 like Mac OS X) AppleWebKit/604.1.34 (KHTML, like Gecko) Version/11.0 Mobile/15A5341f Safari/604.1]
[2019-03-28T12:08:21.424] [INFO] default - [::1 GET /static/true.png 304 1ms][ HTTP/1.1 Mozilla/5.0 (iPad; CPU OS 11_0 like Mac OS X) AppleWebKit/604.1.34 (KHTML, like Gecko) Version/11.0 Mobile/15A5341f Safari/604.1]
[2019-03-28T14:08:02.981] [INFO] default - [::1 GET /static/true.png 304 3ms][ HTTP/1.1 Mozilla/5.0 (iPad; CPU OS 11_0 like Mac OS X) AppleWebKit/604.1.34 (KHTML, like Gecko) Version/11.0 Mobile/15A5341f Safari/604.1]
[2019-03-28T14:08:03.896] [INFO] default - [::1 GET /static/true.png 304 1ms][ HTTP/1.1 Mozilla/5.0 (iPad; CPU OS 11_0 like Mac OS X) AppleWebKit/604.1.34 (KHTML, like Gecko) Version/11.0 Mobile/15A5341f Safari/604.1]
[2019-03-28T14:08:04.433] [INFO] default - [::1 GET /static/true.png 304 1ms][ HTTP/1.1 Mozilla/5.0 (iPad; CPU OS 11_0 like Mac OS X) AppleWebKit/604.1.34 (KHTML, like Gecko) Version/11.0 Mobile/15A5341f Safari/604.1]
[2019-03-28T14:08:04.848] [INFO] default - [::1 GET /static/true.png 304 1ms][ HTTP/1.1 Mozilla/5.0 (iPad; CPU OS 11_0 like Mac OS X) AppleWebKit/604.1.34 (KHTML, like Gecko) Version/11.0 Mobile/15A5341f Safari/604.1]
[2019-03-28T14:08:05.241] [INFO] default - [::1 GET /static/true.png 304 0ms][ HTTP/1.1 Mozilla/5.0 (iPad; CPU OS 11_0 like Mac OS X) AppleWebKit/604.1.34 (KHTML, like Gecko) Version/11.0 Mobile/15A5341f Safari/604.1]
[2019-03-28T14:08:05.611] [INFO] default - [::1 GET /static/true.png 304 1ms][ HTTP/1.1 Mozilla/5.0 (iPad; CPU OS 11_0 like Mac OS X) AppleWebKit/604.1.34 (KHTML, like Gecko) Version/11.0 Mobile/15A5341f Safari/604.1]
[2019-03-28T14:08:05.933] [INFO] default - [::1 GET /static/true.png 304 1ms][ HTTP/1.1 Mozilla/5.0 (iPad; CPU OS 11_0 like Mac OS X) AppleWebKit/604.1.34 (KHTML, like Gecko) Version/11.0 Mobile/15A5341f Safari/604.1]
[2019-03-28T14:08:06.250] [INFO] default - [::1 GET /static/true.png 304 1ms][ HTTP/1.1 Mozilla/5.0 (iPad; CPU OS 11_0 like Mac OS X) AppleWebKit/604.1.34 (KHTML, like Gecko) Version/11.0 Mobile/15A5341f Safari/604.1]
[2019-03-28T14:37:04.158] [INFO] default - [::1 GET /static/true.png 304 1ms][ HTTP/1.1 Mozilla/5.0 (iPad; CPU OS 11_0 like Mac OS X) AppleWebKit/604.1.34 (KHTML, like Gecko) Version/11.0 Mobile/15A5341f Safari/604.1]
[2019-03-28T14:40:53.147] [INFO] default - test info 1
[2019-03-28T14:40:55.763] [INFO] default - [::1 GET /static/true.png 304 10ms][ HTTP/1.1 Mozilla/5.0 (iPad; CPU OS 11_0 like Mac OS X) AppleWebKit/604.1.34 (KHTML, like Gecko) Version/11.0 Mobile/15A5341f Safari/604.1]
[2019-03-28T14:40:57.678] [INFO] default - [::1 GET /static/true.png 200 5ms][ HTTP/1.1 Mozilla/5.0 (iPad; CPU OS 11_0 like Mac OS X) AppleWebKit/604.1.34 (KHTML, like Gecko) Version/11.0 Mobile/15A5341f Safari/604.1]
[2019-03-28T14:41:18.201] [INFO] default - [::1 GET /static/true.png 304 4ms][ HTTP/1.1 Mozilla/5.0 (iPad; CPU OS 11_0 like Mac OS X) AppleWebKit/604.1.34 (KHTML, like Gecko) Version/11.0 Mobile/15A5341f Safari/604.1]
[2019-03-28T14:41:19.556] [INFO] default - [::1 GET /static/true.png 304 1ms][ HTTP/1.1 Mozilla/5.0 (iPad; CPU OS 11_0 like Mac OS X) AppleWebKit/604.1.34 (KHTML, like Gecko) Version/11.0 Mobile/15A5341f Safari/604.1]
[2019-03-28T14:42:27.447] [INFO] default - test info 1
[2019-03-28T14:42:49.345] [INFO] default - [::1 GET /static/true.png 200 19ms][ HTTP/1.1 Mozilla/5.0 (iPad; CPU OS 11_0 like Mac OS X) AppleWebKit/604.1.34 (KHTML, like Gecko) Version/11.0 Mobile/15A5341f Safari/604.1]
[2019-03-28T14:42:51.435] [INFO] default - [::1 GET /static/true.png 304 2ms][ HTTP/1.1 Mozilla/5.0 (iPad; CPU OS 11_0 like Mac OS X) AppleWebKit/604.1.34 (KHTML, like Gecko) Version/11.0 Mobile/15A5341f Safari/604.1]
[2019-03-28T14:42:52.577] [INFO] default - [::1 GET /static/true.png 304 0ms][ HTTP/1.1 Mozilla/5.0 (iPad; CPU OS 11_0 like Mac OS X) AppleWebKit/604.1.34 (KHTML, like Gecko) Version/11.0 Mobile/15A5341f Safari/604.1]
[2019-03-28T14:43:45.667] [INFO] default - test info 1
[2019-03-28T14:43:49.200] [INFO] default - [::1 GET /static/true.png 304 11ms][ HTTP/1.1 Mozilla/5.0 (iPad; CPU OS 11_0 like Mac OS X) AppleWebKit/604.1.34 (KHTML, like Gecko) Version/11.0 Mobile/15A5341f Safari/604.1]
[2019-03-28T14:43:51.046] [INFO] default - [::1 GET /static/true.png 200 7ms][ HTTP/1.1 Mozilla/5.0 (iPad; CPU OS 11_0 like Mac OS X) AppleWebKit/604.1.34 (KHTML, like Gecko) Version/11.0 Mobile/15A5341f Safari/604.1]
[2019-03-28T14:43:59.152] [INFO] default - [::1 GET /static/true.png 304 8ms][ HTTP/1.1 Mozilla/5.0 (iPad; CPU OS 11_0 like Mac OS X) AppleWebKit/604.1.34 (KHTML, like Gecko) Version/11.0 Mobile/15A5341f Safari/604.1]
[2019-03-28T14:45:52.589] [INFO] default - test info 1
[2019-03-28T14:45:55.839] [INFO] default - test info 1
[2019-03-28T14:45:59.684] [INFO] default - [::1 GET /static/true.png 200 15ms][ HTTP/1.1 Mozilla/5.0 (iPad; CPU OS 11_0 like Mac OS X) AppleWebKit/604.1.34 (KHTML, like Gecko) Version/11.0 Mobile/15A5341f Safari/604.1]
[2019-03-28T14:46:10.250] [INFO] default - [::1 GET /static/true.png 200 6ms][ HTTP/1.1 Mozilla/5.0 (iPad; CPU OS 11_0 like Mac OS X) AppleWebKit/604.1.34 (KHTML, like Gecko) Version/11.0 Mobile/15A5341f Safari/604.1]
[2019-03-28T14:46:58.122] [INFO] default - test info 1
[2019-03-28T14:47:31.928] [INFO] default - test info 1
[2019-03-28T14:47:40.551] [INFO] default - test info 1
[2019-03-28T14:47:42.919] [INFO] default - test info 1
[2019-03-28T14:47:45.793] [INFO] default - [::1 GET /static/true.png 304 10ms][ HTTP/1.1 Mozilla/5.0 (iPad; CPU OS 11_0 like Mac OS X) AppleWebKit/604.1.34 (KHTML, like Gecko) Version/11.0 Mobile/15A5341f Safari/604.1]
[2019-03-28T14:47:47.454] [INFO] default - [::1 GET /static/true.png 200 5ms][ HTTP/1.1 Mozilla/5.0 (iPad; CPU OS 11_0 like Mac OS X) AppleWebKit/604.1.34 (KHTML, like Gecko) Version/11.0 Mobile/15A5341f Safari/604.1]
[2019-03-28T14:47:51.839] [INFO] default - [::1 GET /static/true.png 304 2ms][ HTTP/1.1 Mozilla/5.0 (iPad; CPU OS 11_0 like Mac OS X) AppleWebKit/604.1.34 (KHTML, like Gecko) Version/11.0 Mobile/15A5341f Safari/604.1]
[2019-03-28T14:48:59.789] [INFO] default - test info 1
[2019-03-28T14:49:03.746] [INFO] default - [::1 GET /static/true.png 200 10ms][ HTTP/1.1 Mozilla/5.0 (iPad; CPU OS 11_0 like Mac OS X) AppleWebKit/604.1.34 (KHTML, like Gecko) Version/11.0 Mobile/15A5341f Safari/604.1]
[2019-03-28T14:49:08.264] [INFO] default - [::1 GET /static/true.png 304 6ms][ HTTP/1.1 Mozilla/5.0 (iPad; CPU OS 11_0 like Mac OS X) AppleWebKit/604.1.34 (KHTML, like Gecko) Version/11.0 Mobile/15A5341f Safari/604.1]
[2019-03-28T14:49:09.083] [INFO] default - [::1 GET /static/true.png 304 5ms][ HTTP/1.1 Mozilla/5.0 (iPad; CPU OS 11_0 like Mac OS X) AppleWebKit/604.1.34 (KHTML, like Gecko) Version/11.0 Mobile/15A5341f Safari/604.1]
[2019-03-28T14:49:09.655] [INFO] default - [::1 GET /static/true.png 304 1ms][ HTTP/1.1 Mozilla/5.0 (iPad; CPU OS 11_0 like Mac OS X) AppleWebKit/604.1.34 (KHTML, like Gecko) Version/11.0 Mobile/15A5341f Safari/604.1]
[2019-03-28T14:49:29.775] [INFO] default - test info 1
[2019-03-28T14:49:32.731] [INFO] default - [::1 GET /static/true.png 304 13ms][ HTTP/1.1 Mozilla/5.0 (iPad; CPU OS 11_0 like Mac OS X) AppleWebKit/604.1.34 (KHTML, like Gecko) Version/11.0 Mobile/15A5341f Safari/604.1]
[2019-03-28T14:49:35.084] [INFO] default - [::1 GET /static/true.png 200 7ms][ HTTP/1.1 Mozilla/5.0 (iPad; CPU OS 11_0 like Mac OS X) AppleWebKit/604.1.34 (KHTML, like Gecko) Version/11.0 Mobile/15A5341f Safari/604.1]
[2019-03-28T14:49:36.406] [INFO] default - [::1 GET /static/true.png 304 1ms][ HTTP/1.1 Mozilla/5.0 (iPad; CPU OS 11_0 like Mac OS X) AppleWebKit/604.1.34 (KHTML, like Gecko) Version/11.0 Mobile/15A5341f Safari/604.1]
[2019-03-28T14:49:37.294] [INFO] default - [::1 GET /static/true.png 304 1ms][ HTTP/1.1 Mozilla/5.0 (iPad; CPU OS 11_0 like Mac OS X) AppleWebKit/604.1.34 (KHTML, like Gecko) Version/11.0 Mobile/15A5341f Safari/604.1]
[2019-03-28T14:50:36.365] [INFO] default - test info 1
[2019-03-28T14:50:38.414] [INFO] default - test info 1
[2019-03-28T14:50:40.689] [INFO] default - [::1 GET /static/true.png 304 10ms][ HTTP/1.1 Mozilla/5.0 (iPad; CPU OS 11_0 like Mac OS X) AppleWebKit/604.1.34 (KHTML, like Gecko) Version/11.0 Mobile/15A5341f Safari/604.1]
[2019-03-28T14:50:41.863] [INFO] default - [::1 GET /static/true.png 304 1ms][ HTTP/1.1 Mozilla/5.0 (iPad; CPU OS 11_0 like Mac OS X) AppleWebKit/604.1.34 (KHTML, like Gecko) Version/11.0 Mobile/15A5341f Safari/604.1]
[2019-03-28T14:50:43.188] [INFO] default - [::1 GET /static/true.png 200 6ms][ HTTP/1.1 Mozilla/5.0 (iPad; CPU OS 11_0 like Mac OS X) AppleWebKit/604.1.34 (KHTML, like Gecko) Version/11.0 Mobile/15A5341f Safari/604.1]
[2019-03-28T14:50:44.198] [INFO] default - [::1 GET /static/true.png 304 1ms][ HTTP/1.1 Mozilla/5.0 (iPad; CPU OS 11_0 like Mac OS X) AppleWebKit/604.1.34 (KHTML, like Gecko) Version/11.0 Mobile/15A5341f Safari/604.1]
[2019-03-28T14:50:44.976] [INFO] default - [::1 GET /static/true.png 304 1ms][ HTTP/1.1 Mozilla/5.0 (iPad; CPU OS 11_0 like Mac OS X) AppleWebKit/604.1.34 (KHTML, like Gecko) Version/11.0 Mobile/15A5341f Safari/604.1]
[2019-03-28T14:50:45.350] [INFO] default - [::1 GET /static/true.png 304 0ms][ HTTP/1.1 Mozilla/5.0 (iPad; CPU OS 11_0 like Mac OS X) AppleWebKit/604.1.34 (KHTML, like Gecko) Version/11.0 Mobile/15A5341f Safari/604.1]
[2019-03-28T14:50:45.583] [INFO] default - [::1 GET /static/true.png 304 1ms][ HTTP/1.1 Mozilla/5.0 (iPad; CPU OS 11_0 like Mac OS X) AppleWebKit/604.1.34 (KHTML, like Gecko) Version/11.0 Mobile/15A5341f Safari/604.1]
[2019-03-28T14:50:45.784] [INFO] default - [::1 GET /static/true.png 304 0ms][ HTTP/1.1 Mozilla/5.0 (iPad; CPU OS 11_0 like Mac OS X) AppleWebKit/604.1.34 (KHTML, like Gecko) Version/11.0 Mobile/15A5341f Safari/604.1]
[2019-03-28T14:50:45.974] [INFO] default - [::1 GET /static/true.png 304 1ms][ HTTP/1.1 Mozilla/5.0 (iPad; CPU OS 11_0 like Mac OS X) AppleWebKit/604.1.34 (KHTML, like Gecko) Version/11.0 Mobile/15A5341f Safari/604.1]
[2019-03-28T14:50:46.159] [INFO] default - [::1 GET /static/true.png 304 0ms][ HTTP/1.1 Mozilla/5.0 (iPad; CPU OS 11_0 like Mac OS X) AppleWebKit/604.1.34 (KHTML, like Gecko) Version/11.0 Mobile/15A5341f Safari/604.1]
[2019-03-28T14:50:46.360] [INFO] default - [::1 GET /static/true.png 304 0ms][ HTTP/1.1 Mozilla/5.0 (iPad; CPU OS 11_0 like Mac OS X) AppleWebKit/604.1.34 (KHTML, like Gecko) Version/11.0 Mobile/15A5341f Safari/604.1]
[2019-03-28T14:50:46.585] [INFO] default - [::1 GET /static/true.png 304 1ms][ HTTP/1.1 Mozilla/5.0 (iPad; CPU OS 11_0 like Mac OS X) AppleWebKit/604.1.34 (KHTML, like Gecko) Version/11.0 Mobile/15A5341f Safari/604.1]
[2019-03-28T14:50:47.003] [INFO] default - [::1 GET /static/true.png 304 1ms][ HTTP/1.1 Mozilla/5.0 (iPad; CPU OS 11_0 like Mac OS X) AppleWebKit/604.1.34 (KHTML, like Gecko) Version/11.0 Mobile/15A5341f Safari/604.1]
[2019-03-28T14:50:47.790] [INFO] default - [::1 GET /static/true.png 304 6ms][ HTTP/1.1 Mozilla/5.0 (iPad; CPU OS 11_0 like Mac OS X) AppleWebKit/604.1.34 (KHTML, like Gecko) Version/11.0 Mobile/15A5341f Safari/604.1]
[2019-03-28T14:50:48.497] [INFO] default - [::1 GET /static/true.png 304 1ms][ HTTP/1.1 Mozilla/5.0 (iPad; CPU OS 11_0 like Mac OS X) AppleWebKit/604.1.34 (KHTML, like Gecko) Version/11.0 Mobile/15A5341f Safari/604.1]
[2019-03-28T14:50:49.253] [INFO] default - [::1 GET /static/true.png 304 17ms][ HTTP/1.1 Mozilla/5.0 (iPad; CPU OS 11_0 like Mac OS X) AppleWebKit/604.1.34 (KHTML, like Gecko) Version/11.0 Mobile/15A5341f Safari/604.1]
[2019-03-28T14:50:49.819] [INFO] default - [::1 GET /static/true.png 304 2ms][ HTTP/1.1 Mozilla/5.0 (iPad; CPU OS 11_0 like Mac OS X) AppleWebKit/604.1.34 (KHTML, like Gecko) Version/11.0 Mobile/15A5341f Safari/604.1]
[2019-03-28T14:50:50.360] [INFO] default - [::1 GET /static/true.png 304 1ms][ HTTP/1.1 Mozilla/5.0 (iPad; CPU OS 11_0 like Mac OS X) AppleWebKit/604.1.34 (KHTML, like Gecko) Version/11.0 Mobile/15A5341f Safari/604.1]
[2019-03-28T14:50:50.968] [INFO] default - [::1 GET /static/true.png 304 2ms][ HTTP/1.1 Mozilla/5.0 (iPad; CPU OS 11_0 like Mac OS X) AppleWebKit/604.1.34 (KHTML, like Gecko) Version/11.0 Mobile/15A5341f Safari/604.1]
[2019-03-28T14:50:51.519] [INFO] default - [::1 GET /static/true.png 304 1ms][ HTTP/1.1 Mozilla/5.0 (iPad; CPU OS 11_0 like Mac OS X) AppleWebKit/604.1.34 (KHTML, like Gecko) Version/11.0 Mobile/15A5341f Safari/604.1]
[2019-03-28T14:50:52.088] [INFO] default - [::1 GET /static/true.png 304 1ms][ HTTP/1.1 Mozilla/5.0 (iPad; CPU OS 11_0 like Mac OS X) AppleWebKit/604.1.34 (KHTML, like Gecko) Version/11.0 Mobile/15A5341f Safari/604.1]
[2019-03-28T14:50:52.666] [INFO] default - [::1 GET /static/true.png 304 4ms][ HTTP/1.1 Mozilla/5.0 (iPad; CPU OS 11_0 like Mac OS X) AppleWebKit/604.1.34 (KHTML, like Gecko) Version/11.0 Mobile/15A5341f Safari/604.1]
[2019-03-28T14:50:53.172] [INFO] default - [::1 GET /static/true.png 304 2ms][ HTTP/1.1 Mozilla/5.0 (iPad; CPU OS 11_0 like Mac OS X) AppleWebKit/604.1.34 (KHTML, like Gecko) Version/11.0 Mobile/15A5341f Safari/604.1]
[2019-03-28T14:50:53.792] [INFO] default - [::1 GET /static/true.png 304 0ms][ HTTP/1.1 Mozilla/5.0 (iPad; CPU OS 11_0 like Mac OS X) AppleWebKit/604.1.34 (KHTML, like Gecko) Version/11.0 Mobile/15A5341f Safari/604.1]
[2019-03-28T17:51:42.915] [INFO] default - test info 1
[2019-03-28T17:52:27.106] [INFO] default - test info 1
[2019-03-28T17:54:26.461] [INFO] default - test info 1
[2019-03-28T17:55:13.435] [INFO] default - test info 1
[2019-03-28T17:56:02.682] [INFO] default - test info 1
[2019-03-28T17:56:30.996] [INFO] default - test info 1
[2019-03-28T17:57:01.799] [INFO] default - test info 1
